0 info it worked if it ends with ok
1 verbose cli [ '/home/momo/.nvm/versions/node/v7.0.0/bin/node',
1 verbose cli   '/home/momo/.nvm/versions/node/v7.0.0/bin/npm',
1 verbose cli   'start' ]
2 info using npm@3.10.8
3 info using node@v7.0.0
4 verbose config Skipping project config: /home/momo/.npmrc. (matches userconfig)
5 verbose stack Error: ENOENT: no such file or directory, open '/home/momo/package.json'
6 verbose cwd /home/momo/Desktop/стаж - telebit/telebit-pro/angular/1
7 error Linux 4.4.0-62-generic
8 error argv "/home/momo/.nvm/versions/node/v7.0.0/bin/node" "/home/momo/.nvm/versions/node/v7.0.0/bin/npm" "start"
9 error node v7.0.0
10 error npm  v3.10.8
11 error path /home/momo/package.json
12 error code ENOENT
13 error errno -2
14 error syscall open
15 error enoent ENOENT: no such file or directory, open '/home/momo/package.json'
16 error enoent ENOENT: no such file or directory, open '/home/momo/package.json'
16 error enoent This is most likely not a problem with npm itself
16 error enoent and is related to npm not being able to find a file.
17 verbose exit [ -2, true ]
